Performing C SOURCE FILE Test _GLFW_HAS_64ASLR failed with the following output:
Change Dir: C:/Programowanie/projekt_pa_rs/cmake-build-debug/CMakeFiles/CMakeTmp

Run Build Command:"C:/PROGRA~2/MINGW-~1/I686-8~1.0-P/mingw32/bin/mingw32-make.exe" "cmTC_b71e1/fast"
C:/PROGRA~2/MINGW-~1/I686-8~1.0-P/mingw32/bin/mingw32-make.exe -f CMakeFiles\cmTC_b71e1.dir\build.make CMakeFiles/cmTC_b71e1.dir/build
mingw32-make.exe[1]: Entering directory 'C:/Programowanie/projekt_pa_rs/cmake-build-debug/CMakeFiles/CMakeTmp'
Building C object CMakeFiles/cmTC_b71e1.dir/src.c.obj
C:\PROGRA~2\MINGW-~1\I686-8~1.0-P\mingw32\bin\gcc.exe   -D_GLFW_HAS_64ASLR -Wl,--high-entropy-va   -o CMakeFiles\cmTC_b71e1.dir\src.c.obj   -c C:\Programowanie\projekt_pa_rs\cmake-build-debug\CMakeFiles\CMakeTmp\src.c
Linking C executable cmTC_b71e1.exe
"C:\Program Files\JetBrains\CLion 2018.1.6\bin\cmake\bin\cmake.exe" -E cmake_link_script CMakeFiles\cmTC_b71e1.dir\link.txt --verbose=1
"C:\Program Files\JetBrains\CLion 2018.1.6\bin\cmake\bin\cmake.exe" -E remove -f CMakeFiles\cmTC_b71e1.dir/objects.a
C:\PROGRA~2\MINGW-~1\I686-8~1.0-P\mingw32\bin\ar.exe cr CMakeFiles\cmTC_b71e1.dir/objects.a @CMakeFiles\cmTC_b71e1.dir\objects1.rsp
C:\PROGRA~2\MINGW-~1\I686-8~1.0-P\mingw32\bin\gcc.exe  -D_GLFW_HAS_64ASLR -Wl,--high-entropy-va    -Wl,--whole-archive CMakeFiles\cmTC_b71e1.dir/objects.a -Wl,--no-whole-archive  -o cmTC_b71e1.exe -Wl,--out-implib,libcmTC_b71e1.dll.a -Wl,--major-image-version,0,--minor-image-version,0 @CMakeFiles\cmTC_b71e1.dir\linklibs.rsp
C:/PROGRA~2/MINGW-~1/I686-8~1.0-P/mingw32/bin/../lib/gcc/i686-w64-mingw32/8.1.0/../../../../i686-w64-mingw32/bin/ld.exe: unrecognized option '--high-entropy-va'
C:/PROGRA~2/MINGW-~1/I686-8~1.0-P/mingw32/bin/../lib/gcc/i686-w64-mingw32/8.1.0/../../../../i686-w64-mingw32/bin/ld.exe: use the --help option for usage information
collect2.exe: error: ld returned 1 exit status
mingw32-make.exe[1]: *** [CMakeFiles\cmTC_b71e1.dir\build.make:99: cmTC_b71e1.exe] Error 1
mingw32-make.exe[1]: Leaving directory 'C:/Programowanie/projekt_pa_rs/cmake-build-debug/CMakeFiles/CMakeTmp'
mingw32-make.exe: *** [Makefile:125: cmTC_b71e1/fast] Error 2

Source file was:
int main(void) { return 0; }
